# JRE version: Java(TM) SE Runtime Environment (14.0+36) (build 14+36-1461)
# Java VM: Java HotSpot(TM) 64-Bit Server VM (14+36-1461, mixed mode, sharing, tiered, compressed oops, g1 gc, windows-amd64)
Heap:
 garbage-first heap   total 79872K, used 35618K [0x00000000a1a00000, 0x0000000100000000)
  region size 1024K, 9 young (9216K), 5 survivors (5120K)
 Metaspace       used 53529K, capacity 55452K, committed 55600K, reserved 1097728K
  class space    used 7539K, capacity 8250K, committed 8320K, reserved 1048576K
GC Heap History (20 events):
Event: 12.443 GC heap before
{Heap before GC invocations=18 (full 0):
 garbage-first heap   total 66560K, used 53021K [0x00000000a1a00000, 0x0000000100000000)
  region size 1024K, 31 young (31744K), 3 survivors (3072K)
 Metaspace       used 44218K, capacity 45484K, committed 45616K, reserved 1087488K
  class space    used 6188K, capacity 6687K, committed 6784K, reserved 1048576K
}
Event: 12.451 GC heap after
{Heap after GC invocations=19 (full 0):
 garbage-first heap   total 66560K, used 25443K [0x00000000a1a00000, 0x0000000100000000)
  region size 1024K, 3 young (3072K), 3 survivors (3072K)
 Metaspace       used 44218K, capacity 45484K, committed 45616K, reserved 1087488K
  class space    used 6188K, capacity 6687K, committed 6784K, reserved 1048576K
}
Event: 13.238 GC heap before
{Heap before GC invocations=19 (full 0):
 garbage-first heap   total 66560K, used 52067K [0x00000000a1a00000, 0x0000000100000000)
  region size 1024K, 30 young (30720K), 3 survivors (3072K)
 Metaspace       used 47189K, capacity 48613K, committed 48816K, reserved 1091584K
  class space    used 6588K, capacity 7157K, committed 7168K, reserved 1048576K
}
Event: 13.248 GC heap after
{Heap after GC invocations=20 (full 0):
 garbage-first heap   total 66560K, used 26990K [0x00000000a1a00000, 0x0000000100000000)
  region size 1024K, 3 young (3072K), 3 survivors (3072K)
 Metaspace       used 47189K, capacity 48613K, committed 48816K, reserved 1091584K
  class space    used 6588K, capacity 7157K, committed 7168K, reserved 1048576K
}
Event: 14.136 GC heap before
{Heap before GC invocations=20 (full 0):
 garbage-first heap   total 66560K, used 52590K [0x00000000a1a00000, 0x0000000100000000)
  region size 1024K, 28 young (28672K), 3 survivors (3072K)
 Metaspace       used 48323K, capacity 49923K, committed 50096K, reserved 1091584K
  class space    used 6764K, capacity 7357K, committed 7424K, reserved 1048576K
}
Event: 14.146 GC heap after
{Heap after GC invocations=21 (full 0):
 garbage-first heap   total 79872K, used 28288K [0x00000000a1a00000, 0x0000000100000000)
  region size 1024K, 3 young (3072K), 3 survivors (3072K)
 Metaspace       used 48323K, capacity 49923K, committed 50096K, reserved 1091584K
  class space    used 6764K, capacity 7357K, committed 7424K, reserved 1048576K
}
Event: 15.270 GC heap before
{Heap before GC invocations=21 (full 0):
 garbage-first heap   total 79872K, used 64128K [0x00000000a1a00000, 0x0000000100000000)
  region size 1024K, 38 young (38912K), 3 survivors (3072K)
 Metaspace       used 50810K, capacity 52460K, committed 52528K, reserved 1093632K
  class space    used 7118K, capacity 7770K, committed 7808K, reserved 1048576K
}
Event: 15.281 GC heap after
{Heap after GC invocations=22 (full 0):
 garbage-first heap   total 79872K, used 29647K [0x00000000a1a00000, 0x0000000100000000)
  region size 1024K, 3 young (3072K), 3 survivors (3072K)
 Metaspace       used 50810K, capacity 52460K, committed 52528K, reserved 1093632K
  class space    used 7118K, capacity 7770K, committed 7808K, reserved 1048576K
}
Event: 17.429 GC heap before
{Heap before GC invocations=22 (full 0):
 garbage-first heap   total 79872K, used 65487K [0x00000000a1a00000, 0x0000000100000000)
  region size 1024K, 38 young (38912K), 3 survivors (3072K)
 Metaspace       used 53124K, capacity 54911K, committed 55216K, reserved 1095680K
  class space    used 7456K, capacity 8140K, committed 8192K, reserved 1048576K
}
Event: 17.441 GC heap after
{Heap after GC invocations=23 (full 0):
 garbage-first heap   total 79872K, used 31557K [0x00000000a1a00000, 0x0000000100000000)
  region size 1024K, 5 young (5120K), 5 survivors (5120K)
 Metaspace       used 53124K, capacity 54911K, committed 55216K, reserved 1095680K
  class space    used 7456K, capacity 8140K, committed 8192K, reserved 1048576K
}
Event: 58.989 GC heap before
{Heap before GC invocations=23 (full 0):
 garbage-first heap   total 79872K, used 37701K [0x00000000a1a00000, 0x0000000100000000)
  region size 1024K, 12 young (12288K), 5 survivors (5120K)
 Metaspace       used 53296K, capacity 55130K, committed 55216K, reserved 1095680K
  class space    used 7490K, capacity 8192K, committed 8192K, reserved 1048576K
}
Event: 59.109 GC heap after
{Heap after GC invocations=24 (full 1):
 garbage-first heap   total 79872K, used 26003K [0x00000000a1a00000, 0x0000000100000000)
  region size 1024K, 0 young (0K), 0 survivors (0K)
 Metaspace       used 53281K, capacity 55106K, committed 55216K, reserved 1095680K
  class space    used 7488K, capacity 8188K, committed 8192K, reserved 1048576K
}
Event: 61.748 GC heap before
{Heap before GC invocations=24 (full 1):
 garbage-first heap   total 79872K, used 63891K [0x00000000a1a00000, 0x0000000100000000)
  region size 1024K, 37 young (37888K), 0 survivors (0K)
 Metaspace       used 53300K, capacity 55121K, committed 55344K, reserved 1095680K
  class space    used 7495K, capacity 8193K, committed 8320K, reserved 1048576K
}
Event: 61.753 GC heap after
{Heap after GC invocations=25 (full 1):
 garbage-first heap   total 79872K, used 28245K [0x00000000a1a00000, 0x0000000100000000)
  region size 1024K, 3 young (3072K), 3 survivors (3072K)
 Metaspace       used 53300K, capacity 55121K, committed 55344K, reserved 1095680K
  class space    used 7495K, capacity 8193K, committed 8320K, reserved 1048576K
}
Event: 62.019 GC heap before
{Heap before GC invocations=25 (full 1):
 garbage-first heap   total 79872K, used 62037K [0x00000000a1a00000, 0x0000000100000000)
  region size 1024K, 37 young (37888K), 3 survivors (3072K)
 Metaspace       used 53300K, capacity 55121K, committed 55344K, reserved 1095680K
  class space    used 7495K, capacity 8193K, committed 8320K, reserved 1048576K
}
Event: 62.024 GC heap after
{Heap after GC invocations=26 (full 1):
 garbage-first heap   total 79872K, used 28527K [0x00000000a1a00000, 0x0000000100000000)
  region size 1024K, 3 young (3072K), 3 survivors (3072K)
 Metaspace       used 53300K, capacity 55121K, committed 55344K, reserved 1095680K
  class space    used 7495K, capacity 8193K, committed 8320K, reserved 1048576K
}
Event: 62.774 GC heap before
{Heap before GC invocations=26 (full 1):
 garbage-first heap   total 79872K, used 63343K [0x00000000a1a00000, 0x0000000100000000)
  region size 1024K, 38 young (38912K), 3 survivors (3072K)
 Metaspace       used 53334K, capacity 55218K, committed 55344K, reserved 1095680K
  class space    used 7498K, capacity 8198K, committed 8320K, reserved 1048576K
}
Event: 62.781 GC heap after
{Heap after GC invocations=27 (full 1):
 garbage-first heap   total 79872K, used 30446K [0x00000000a1a00000, 0x0000000100000000)
  region size 1024K, 5 young (5120K), 5 survivors (5120K)
 Metaspace       used 53334K, capacity 55218K, committed 55344K, reserved 1095680K
  class space    used 7498K, capacity 8198K, committed 8320K, reserved 1048576K
}
Event: 64.021 GC heap before
{Heap before GC invocations=27 (full 1):
 garbage-first heap   total 79872K, used 63214K [0x00000000a1a00000, 0x0000000100000000)
  region size 1024K, 38 young (38912K), 5 survivors (5120K)
 Metaspace       used 53520K, capacity 55446K, committed 55600K, reserved 1097728K
  class space    used 7539K, capacity 8248K, committed 8320K, reserved 1048576K
}
Event: 64.030 GC heap after
{Heap after GC invocations=28 (full 1):
 garbage-first heap   total 79872K, used 32546K [0x00000000a1a00000, 0x0000000100000000)
  region size 1024K, 5 young (5120K), 5 survivors (5120K)
 Metaspace       used 53520K, capacity 55446K, committed 55600K, reserved 1097728K
  class space    used 7539K, capacity 8248K, committed 8320K, reserved 1048576K
}

